# JRE version: OpenJDK Runtime Environment (8.0_202-b03) (build 1.8.0_202-release-1483-b03)
# Java VM: OpenJDK 64-Bit Server VM (25.202-b03 mixed mode windows-amd64 compressed oops)
Heap:
 PSYoungGen      total 223744K, used 106713K [0x00000000e0000000, 0x00000000ef300000, 0x0000000100000000)
  eden space 202752K, 42% used [0x00000000e0000000,0x00000000e53b9350,0x00000000ec600000)
  from space 20992K, 99% used [0x00000000ec600000,0x00000000eda7d378,0x00000000eda80000)
  to   space 17408K, 0% used [0x00000000eda80000,0x00000000eda80000,0x00000000eeb80000)
 ParOldGen       total 175104K, used 40469K [0x00000000a0000000, 0x00000000aab00000, 0x00000000e0000000)
  object space 175104K, 23% used [0x00000000a0000000,0x00000000a2785708,0x00000000aab00000)
 Metaspace       used 66727K, capacity 68950K, committed 69144K, reserved 1110016K
  class space    used 8928K, capacity 9410K, committed 9512K, reserved 1048576K
GC Heap History (10 events):
Event: 3.749 GC heap before
{Heap before GC invocations=8 (full 2):
 PSYoungGen      total 164864K, used 8662K [0x00000000e0000000, 0x00000000ee380000, 0x0000000100000000)
  eden space 151552K, 0% used [0x00000000e0000000,0x00000000e0000000,0x00000000e9400000)
  from space 13312K, 65% used [0x00000000ea100000,0x00000000ea975908,0x00000000eae00000)
  to   space 13312K, 0% used [0x00000000e9400000,0x00000000e9400000,0x00000000ea100000)
 ParOldGen       total 110080K, used 11399K [0x00000000a0000000, 0x00000000a6b80000, 0x00000000e0000000)
  object space 110080K, 10% used [0x00000000a0000000,0x00000000a0b21da0,0x00000000a6b80000)
 Metaspace       used 34694K, capacity 35432K, committed 35496K, reserved 1079296K
  class space    used 4789K, capacity 5007K, committed 5032K, reserved 1048576K
Event: 3.818 GC heap after
Heap after GC invocations=8 (full 2):
 PSYoungGen      total 164864K, used 0K [0x00000000e0000000, 0x00000000ee380000, 0x0000000100000000)
  eden space 151552K, 0% used [0x00000000e0000000,0x00000000e0000000,0x00000000e9400000)
  from space 13312K, 0% used [0x00000000ea100000,0x00000000ea100000,0x00000000eae00000)
  to   space 13312K, 0% used [0x00000000e9400000,0x00000000e9400000,0x00000000ea100000)
 ParOldGen       total 175104K, used 15528K [0x00000000a0000000, 0x00000000aab00000, 0x00000000e0000000)
  object space 175104K, 8% used [0x00000000a0000000,0x00000000a0f2a120,0x00000000aab00000)
 Metaspace       used 34664K, capacity 35330K, committed 35496K, reserved 1079296K
  class space    used 4780K, capacity 4990K, committed 5032K, reserved 1048576K
}
Event: 5.081 GC heap before
{Heap before GC invocations=9 (full 2):
 PSYoungGen      total 164864K, used 151552K [0x00000000e0000000, 0x00000000ee380000, 0x0000000100000000)
  eden space 151552K, 100% used [0x00000000e0000000,0x00000000e9400000,0x00000000e9400000)
  from space 13312K, 0% used [0x00000000ea100000,0x00000000ea100000,0x00000000eae00000)
  to   space 13312K, 0% used [0x00000000e9400000,0x00000000e9400000,0x00000000ea100000)
 ParOldGen       total 175104K, used 15528K [0x00000000a0000000, 0x00000000aab00000, 0x00000000e0000000)
  object space 175104K, 8% used [0x00000000a0000000,0x00000000a0f2a120,0x00000000aab00000)
 Metaspace       used 49253K, capacity 50530K, committed 50856K, reserved 1093632K
  class space    used 6655K, capacity 6976K, committed 7080K, reserved 1048576K
Event: 5.097 GC heap after
Heap after GC invocations=9 (full 2):
 PSYoungGen      total 164864K, used 13296K [0x00000000e0000000, 0x00000000eeb80000, 0x0000000100000000)
  eden space 151552K, 0% used [0x00000000e0000000,0x00000000e0000000,0x00000000e9400000)
  from space 13312K, 99% used [0x00000000e9400000,0x00000000ea0fc0f8,0x00000000ea100000)
  to   space 17408K, 0% used [0x00000000eda80000,0x00000000eda80000,0x00000000eeb80000)
 ParOldGen       total 175104K, used 21514K [0x00000000a0000000, 0x00000000aab00000, 0x00000000e0000000)
  object space 175104K, 12% used [0x00000000a0000000,0x00000000a1502870,0x00000000aab00000)
 Metaspace       used 49253K, capacity 50530K, committed 50856K, reserved 1093632K
  class space    used 6655K, capacity 6976K, committed 7080K, reserved 1048576K
}
Event: 6.126 GC heap before
{Heap before GC invocations=10 (full 2):
 PSYoungGen      total 164864K, used 126578K [0x00000000e0000000, 0x00000000eeb80000, 0x0000000100000000)
  eden space 151552K, 74% used [0x00000000e0000000,0x00000000e6ea0930,0x00000000e9400000)
  from space 13312K, 99% used [0x00000000e9400000,0x00000000ea0fc0f8,0x00000000ea100000)
  to   space 17408K, 0% used [0x00000000eda80000,0x00000000eda80000,0x00000000eeb80000)
 ParOldGen       total 175104K, used 21514K [0x00000000a0000000, 0x00000000aab00000, 0x00000000e0000000)
  object space 175104K, 12% used [0x00000000a0000000,0x00000000a1502870,0x00000000aab00000)
 Metaspace       used 57558K, capacity 59118K, committed 59160K, reserved 1099776K
  class space    used 7814K, capacity 8196K, committed 8232K, reserved 1048576K
Event: 6.143 GC heap after
Heap after GC invocations=10 (full 2):
 PSYoungGen      total 220160K, used 17405K [0x00000000e0000000, 0x00000000ef300000, 0x0000000100000000)
  eden space 202752K, 0% used [0x00000000e0000000,0x00000000e0000000,0x00000000ec600000)
  from space 17408K, 99% used [0x00000000eda80000,0x00000000eeb7f4d8,0x00000000eeb80000)
  to   space 20992K, 0% used [0x00000000ec600000,0x00000000ec600000,0x00000000eda80000)
 ParOldGen       total 175104K, used 24626K [0x00000000a0000000, 0x00000000aab00000, 0x00000000e0000000)
  object space 175104K, 14% used [0x00000000a0000000,0x00000000a180ca78,0x00000000aab00000)
 Metaspace       used 57558K, capacity 59118K, committed 59160K, reserved 1099776K
  class space    used 7814K, capacity 8196K, committed 8232K, reserved 1048576K
}
Event: 6.143 GC heap before
{Heap before GC invocations=11 (full 3):
 PSYoungGen      total 220160K, used 17405K [0x00000000e0000000, 0x00000000ef300000, 0x0000000100000000)
  eden space 202752K, 0% used [0x00000000e0000000,0x00000000e0000000,0x00000000ec600000)
  from space 17408K, 99% used [0x00000000eda80000,0x00000000eeb7f4d8,0x00000000eeb80000)
  to   space 20992K, 0% used [0x00000000ec600000,0x00000000ec600000,0x00000000eda80000)
 ParOldGen       total 175104K, used 24626K [0x00000000a0000000, 0x00000000aab00000, 0x00000000e0000000)
  object space 175104K, 14% used [0x00000000a0000000,0x00000000a180ca78,0x00000000aab00000)
 Metaspace       used 57558K, capacity 59118K, committed 59160K, reserved 1099776K
  class space    used 7814K, capacity 8196K, committed 8232K, reserved 1048576K
Event: 6.315 GC heap after
Heap after GC invocations=11 (full 3):
 PSYoungGen      total 220160K, used 0K [0x00000000e0000000, 0x00000000ef300000, 0x0000000100000000)
  eden space 202752K, 0% used [0x00000000e0000000,0x00000000e0000000,0x00000000ec600000)
  from space 17408K, 0% used [0x00000000eda80000,0x00000000eda80000,0x00000000eeb80000)
  to   space 20992K, 0% used [0x00000000ec600000,0x00000000ec600000,0x00000000eda80000)
 ParOldGen       total 175104K, used 34588K [0x00000000a0000000, 0x00000000aab00000, 0x00000000e0000000)
  object space 175104K, 19% used [0x00000000a0000000,0x00000000a21c7278,0x00000000aab00000)
 Metaspace       used 57558K, capacity 59118K, committed 59160K, reserved 1099776K
  class space    used 7814K, capacity 8196K, committed 8232K, reserved 1048576K
}
Event: 8.080 GC heap before
{Heap before GC invocations=12 (full 3):
 PSYoungGen      total 220160K, used 202752K [0x00000000e0000000, 0x00000000ef300000, 0x0000000100000000)
  eden space 202752K, 100% used [0x00000000e0000000,0x00000000ec600000,0x00000000ec600000)
  from space 17408K, 0% used [0x00000000eda80000,0x00000000eda80000,0x00000000eeb80000)
  to   space 20992K, 0% used [0x00000000ec600000,0x00000000ec600000,0x00000000eda80000)
 ParOldGen       total 175104K, used 34588K [0x00000000a0000000, 0x00000000aab00000, 0x00000000e0000000)
  object space 175104K, 19% used [0x00000000a0000000,0x00000000a21c7278,0x00000000aab00000)
 Metaspace       used 64615K, capacity 66818K, committed 66840K, reserved 1107968K
  class space    used 8750K, capacity 9244K, committed 9256K, reserved 1048576K
Event: 8.097 GC heap after
Heap after GC invocations=12 (full 3):
 PSYoungGen      total 223744K, used 20980K [0x00000000e0000000, 0x00000000ef300000, 0x0000000100000000)
  eden space 202752K, 0% used [0x00000000e0000000,0x00000000e0000000,0x00000000ec600000)
  from space 20992K, 99% used [0x00000000ec600000,0x00000000eda7d378,0x00000000eda80000)
  to   space 17408K, 0% used [0x00000000eda80000,0x00000000eda80000,0x00000000eeb80000)
 ParOldGen       total 175104K, used 40469K [0x00000000a0000000, 0x00000000aab00000, 0x00000000e0000000)
  object space 175104K, 23% used [0x00000000a0000000,0x00000000a2785708,0x00000000aab00000)
 Metaspace       used 64615K, capacity 66818K, committed 66840K, reserved 1107968K
  class space    used 8750K, capacity 9244K, committed 9256K, reserved 1048576K
}

