# JRE version: OpenJDK Runtime Environment (8.0_202-b03) (build 1.8.0_202-release-1483-b03)
# Java VM: OpenJDK 64-Bit Server VM (25.202-b03 mixed mode windows-amd64 compressed oops)
Heap:
 PSYoungGen      total 205312K, used 67316K [0x00000000e0000000, 0x00000000ee180000, 0x0000000100000000)
  eden space 184320K, 25% used [0x00000000e0000000,0x00000000e2d41af8,0x00000000eb400000)
  from space 20992K, 99% used [0x00000000eb400000,0x00000000ec87b680,0x00000000ec880000)
  to   space 16896K, 0% used [0x00000000ec880000,0x00000000ec880000,0x00000000ed900000)
 ParOldGen       total 184320K, used 36907K [0x00000000a0000000, 0x00000000ab400000, 0x00000000e0000000)
  object space 184320K, 20% used [0x00000000a0000000,0x00000000a240ad18,0x00000000ab400000)
 Metaspace       used 65772K, capacity 68018K, committed 68264K, reserved 1107968K
  class space    used 8843K, capacity 9344K, committed 9384K, reserved 1048576K
GC Heap History (10 events):
Event: 3.505 GC heap before
{Heap before GC invocations=8 (full 2):
 PSYoungGen      total 154112K, used 8742K [0x00000000e0000000, 0x00000000eda00000, 0x0000000100000000)
  eden space 140800K, 0% used [0x00000000e0000000,0x00000000e0000000,0x00000000e8980000)
  from space 13312K, 65% used [0x00000000e9600000,0x00000000e9e898f8,0x00000000ea300000)
  to   space 12800K, 0% used [0x00000000e8980000,0x00000000e8980000,0x00000000e9600000)
 ParOldGen       total 113664K, used 11314K [0x00000000a0000000, 0x00000000a6f00000, 0x00000000e0000000)
  object space 113664K, 9% used [0x00000000a0000000,0x00000000a0b0caf8,0x00000000a6f00000)
 Metaspace       used 34686K, capacity 35416K, committed 35496K, reserved 1079296K
  class space    used 4787K, capacity 5005K, committed 5032K, reserved 1048576K
Event: 3.573 GC heap after
Heap after GC invocations=8 (full 2):
 PSYoungGen      total 154112K, used 0K [0x00000000e0000000, 0x00000000eda00000, 0x0000000100000000)
  eden space 140800K, 0% used [0x00000000e0000000,0x00000000e0000000,0x00000000e8980000)
  from space 13312K, 0% used [0x00000000e9600000,0x00000000e9600000,0x00000000ea300000)
  to   space 12800K, 0% used [0x00000000e8980000,0x00000000e8980000,0x00000000e9600000)
 ParOldGen       total 184320K, used 15586K [0x00000000a0000000, 0x00000000ab400000, 0x00000000e0000000)
  object space 184320K, 8% used [0x00000000a0000000,0x00000000a0f38ae8,0x00000000ab400000)
 Metaspace       used 34659K, capacity 35326K, committed 35496K, reserved 1079296K
  class space    used 4779K, capacity 4990K, committed 5032K, reserved 1048576K
}
Event: 4.751 GC heap before
{Heap before GC invocations=9 (full 2):
 PSYoungGen      total 154112K, used 140800K [0x00000000e0000000, 0x00000000eda00000, 0x0000000100000000)
  eden space 140800K, 100% used [0x00000000e0000000,0x00000000e8980000,0x00000000e8980000)
  from space 13312K, 0% used [0x00000000e9600000,0x00000000e9600000,0x00000000ea300000)
  to   space 12800K, 0% used [0x00000000e8980000,0x00000000e8980000,0x00000000e9600000)
 ParOldGen       total 184320K, used 15586K [0x00000000a0000000, 0x00000000ab400000, 0x00000000e0000000)
  object space 184320K, 8% used [0x00000000a0000000,0x00000000a0f38ae8,0x00000000ab400000)
 Metaspace       used 48468K, capacity 49666K, committed 49960K, reserved 1091584K
  class space    used 6557K, capacity 6880K, committed 6952K, reserved 1048576K
Event: 4.765 GC heap after
Heap after GC invocations=9 (full 2):
 PSYoungGen      total 153600K, used 12792K [0x00000000e0000000, 0x00000000ed900000, 0x0000000100000000)
  eden space 140800K, 0% used [0x00000000e0000000,0x00000000e0000000,0x00000000e8980000)
  from space 12800K, 99% used [0x00000000e8980000,0x00000000e95fe010,0x00000000e9600000)
  to   space 16896K, 0% used [0x00000000ec880000,0x00000000ec880000,0x00000000ed900000)
 ParOldGen       total 184320K, used 21068K [0x00000000a0000000, 0x00000000ab400000, 0x00000000e0000000)
  object space 184320K, 11% used [0x00000000a0000000,0x00000000a14930c8,0x00000000ab400000)
 Metaspace       used 48468K, capacity 49666K, committed 49960K, reserved 1091584K
  class space    used 6557K, capacity 6880K, committed 6952K, reserved 1048576K
}
Event: 5.835 GC heap before
{Heap before GC invocations=10 (full 2):
 PSYoungGen      total 153600K, used 134305K [0x00000000e0000000, 0x00000000ed900000, 0x0000000100000000)
  eden space 140800K, 86% used [0x00000000e0000000,0x00000000e76aa608,0x00000000e8980000)
  from space 12800K, 99% used [0x00000000e8980000,0x00000000e95fe010,0x00000000e9600000)
  to   space 16896K, 0% used [0x00000000ec880000,0x00000000ec880000,0x00000000ed900000)
 ParOldGen       total 184320K, used 21068K [0x00000000a0000000, 0x00000000ab400000, 0x00000000e0000000)
  object space 184320K, 11% used [0x00000000a0000000,0x00000000a14930c8,0x00000000ab400000)
 Metaspace       used 57531K, capacity 59122K, committed 59160K, reserved 1099776K
  class space    used 7807K, capacity 8196K, committed 8232K, reserved 1048576K
Event: 5.852 GC heap after
Heap after GC invocations=10 (full 2):
 PSYoungGen      total 201216K, used 16878K [0x00000000e0000000, 0x00000000ee180000, 0x0000000100000000)
  eden space 184320K, 0% used [0x00000000e0000000,0x00000000e0000000,0x00000000eb400000)
  from space 16896K, 99% used [0x00000000ec880000,0x00000000ed8fbb98,0x00000000ed900000)
  to   space 20992K, 0% used [0x00000000eb400000,0x00000000eb400000,0x00000000ec880000)
 ParOldGen       total 184320K, used 25488K [0x00000000a0000000, 0x00000000ab400000, 0x00000000e0000000)
  object space 184320K, 13% used [0x00000000a0000000,0x00000000a18e43a8,0x00000000ab400000)
 Metaspace       used 57531K, capacity 59122K, committed 59160K, reserved 1099776K
  class space    used 7807K, capacity 8196K, committed 8232K, reserved 1048576K
}
Event: 5.852 GC heap before
{Heap before GC invocations=11 (full 3):
 PSYoungGen      total 201216K, used 16878K [0x00000000e0000000, 0x00000000ee180000, 0x0000000100000000)
  eden space 184320K, 0% used [0x00000000e0000000,0x00000000e0000000,0x00000000eb400000)
  from space 16896K, 99% used [0x00000000ec880000,0x00000000ed8fbb98,0x00000000ed900000)
  to   space 20992K, 0% used [0x00000000eb400000,0x00000000eb400000,0x00000000ec880000)
 ParOldGen       total 184320K, used 25488K [0x00000000a0000000, 0x00000000ab400000, 0x00000000e0000000)
  object space 184320K, 13% used [0x00000000a0000000,0x00000000a18e43a8,0x00000000ab400000)
 Metaspace       used 57531K, capacity 59122K, committed 59160K, reserved 1099776K
  class space    used 7807K, capacity 8196K, committed 8232K, reserved 1048576K
Event: 6.033 GC heap after
Heap after GC invocations=11 (full 3):
 PSYoungGen      total 201216K, used 0K [0x00000000e0000000, 0x00000000ee180000, 0x0000000100000000)
  eden space 184320K, 0% used [0x00000000e0000000,0x00000000e0000000,0x00000000eb400000)
  from space 16896K, 0% used [0x00000000ec880000,0x00000000ec880000,0x00000000ed900000)
  to   space 20992K, 0% used [0x00000000eb400000,0x00000000eb400000,0x00000000ec880000)
 ParOldGen       total 184320K, used 35275K [0x00000000a0000000, 0x00000000ab400000, 0x00000000e0000000)
  object space 184320K, 19% used [0x00000000a0000000,0x00000000a2272da0,0x00000000ab400000)
 Metaspace       used 57531K, capacity 59122K, committed 59160K, reserved 1099776K
  class space    used 7807K, capacity 8196K, committed 8232K, reserved 1048576K
}
Event: 7.614 GC heap before
{Heap before GC invocations=12 (full 3):
 PSYoungGen      total 201216K, used 180751K [0x00000000e0000000, 0x00000000ee180000, 0x0000000100000000)
  eden space 184320K, 98% used [0x00000000e0000000,0x00000000eb083f40,0x00000000eb400000)
  from space 16896K, 0% used [0x00000000ec880000,0x00000000ec880000,0x00000000ed900000)
  to   space 20992K, 0% used [0x00000000eb400000,0x00000000eb400000,0x00000000ec880000)
 ParOldGen       total 184320K, used 35275K [0x00000000a0000000, 0x00000000ab400000, 0x00000000e0000000)
  object space 184320K, 19% used [0x00000000a0000000,0x00000000a2272da0,0x00000000ab400000)
 Metaspace       used 64417K, capacity 66642K, committed 66856K, reserved 1107968K
  class space    used 8739K, capacity 9248K, committed 9256K, reserved 1048576K
Event: 7.631 GC heap after
Heap after GC invocations=12 (full 3):
 PSYoungGen      total 205312K, used 20973K [0x00000000e0000000, 0x00000000ee180000, 0x0000000100000000)
  eden space 184320K, 0% used [0x00000000e0000000,0x00000000e0000000,0x00000000eb400000)
  from space 20992K, 99% used [0x00000000eb400000,0x00000000ec87b680,0x00000000ec880000)
  to   space 16896K, 0% used [0x00000000ec880000,0x00000000ec880000,0x00000000ed900000)
 ParOldGen       total 184320K, used 36907K [0x00000000a0000000, 0x00000000ab400000, 0x00000000e0000000)
  object space 184320K, 20% used [0x00000000a0000000,0x00000000a240ad18,0x00000000ab400000)
 Metaspace       used 64417K, capacity 66642K, committed 66856K, reserved 1107968K
  class space    used 8739K, capacity 9248K, committed 9256K, reserved 1048576K
}

